<?xml version="1.0" encoding="UTF-8"?>
<beans xmlns="http://www.springframework.org/schema/beans"
    xmlns:xsi="http://www.w3.org/2001/XMLSchema-instance"
    xmlns:dubbo="http://code.alibabatech.com/schema/dubbo"
    xsi:schemaLocation="http://www.springframework.org/schema/beans        
    http://www.springframework.org/schema/beans/spring-beans.xsd        
http://code.alibabatech.com/schema/dubbo http://code.alibabatech.com/schema/dubbo/dubbo.xsd">
 
    <!-- 提供方应用信息，用于计算依赖关系 -->
    <dubbo:application name="provider-of-helloworld-app"  />
    
  <!-- 扫描注解包路径，多个包用逗号分隔，不填pacakge表示扫描当前ApplicationContext中所有的类 -->
  
	<dubbo:annotation package="com" />
    <!-- 使用multicast广播注册中心暴露服务地址 -->
   <!-- <dubbo:registry address="multicast://224.5.6.7:1234" /> -->
 
 	<!-- 使用zookeeper注册中心暴露服务地址 -->
	<dubbo:registry address="zookeeper://10.9.11.63:2181"  subscribe="false"/>
 
    <!-- 用dubbo协议在20880端口暴露服务 -->
  	<dubbo:protocol name="dubbo" port="20880" />
 
    <!-- 和本地bean一样实现服务 -->
    <bean id="demoService" class="free.dubbo.provider.DemoServiceImpl" />
    <!-- 声明需要暴露的服务接口 -->
    <dubbo:service interface="lhj.dubbo.study.service.DemoService" ref="demoService" />
</beans>